build/app/intermediates/manifest_merge_blame_file/debug/manifest-merger-blame-debug-report.txt
1<?xml version="1.0" encoding="utf-8"?>
2<manifest xmlns:android="http://schemas.android.com/apk/res/android"
3    package="com.example.google_maps"
4    android:versionCode="1"
5    android:versionName="1.0.0" >
6
7    <uses-sdk
8        android:minSdkVersion="21"
9        android:targetSdkVersion="30" />
10    <!--
11         The INTERNET permission is required for development. Specifically,
12         the Flutter tool needs it to communicate with the running application
13         to allow setting breakpoints, to provide hot reload, etc.
14    -->
15    <uses-permission android:name="android.permission.INTERNET" />
15-->src\main\AndroidManifest.xml:3:5-66
15-->src\main\AndroidManifest.xml:3:22-64
16    <!-- Always include this permission -->
17    <uses-permission android:name="android.permission.ACCESS_COARSE_LOCATION" /> <!-- Include only if your app benefits from precise location access. -->
17-->src\main\AndroidManifest.xml:5:5-81
17-->src\main\AndroidManifest.xml:5:22-78
18    <uses-permission android:name="android.permission.ACCESS_FINE_LOCATION" /> <!-- Include required permissions for Google Maps API to run. -->
18-->src\main\AndroidManifest.xml:7:5-79
18-->src\main\AndroidManifest.xml:7:22-76
19    <uses-permission android:name="android.permission.ACCESS_NETWORK_STATE" />
19-->[com.google.android.gms:play-services-maps:18.1.0] AndroidManifest.xml:23:5-79
19-->[com.google.android.gms:play-services-maps:18.1.0] AndroidManifest.xml:23:22-76
20
21    <uses-feature
21-->[com.google.android.gms:play-services-maps:18.1.0] AndroidManifest.xml:26:5-28:35
22        android:glEsVersion="0x00020000"
22-->[com.google.android.gms:play-services-maps:18.1.0] AndroidManifest.xml:27:9-41
23        android:required="true" />
23-->[com.google.android.gms:play-services-maps:18.1.0] AndroidManifest.xml:28:9-32
24
25    <queries>
25-->[com.google.android.gms:play-services-maps:18.1.0] AndroidManifest.xml:30:5-34:15
26
27        <!-- Needs to be explicitly declared on Android R+ -->
28        <package android:name="com.google.android.apps.maps" />
28-->[com.google.android.gms:play-services-maps:18.1.0] AndroidManifest.xml:33:9-64
28-->[com.google.android.gms:play-services-maps:18.1.0] AndroidManifest.xml:33:18-61
29    </queries>
30
31    <application
32        android:name="android.app.Application"
33        android:appComponentFactory="androidx.core.app.CoreComponentFactory"
33-->[androidx.core:core:1.6.0] AndroidManifest.xml:24:18-86
34        android:debuggable="true"
35        android:icon="@mipmap/ic_launcher"
36        android:label="google_maps" >
37        <meta-data
38            android:name="com.google.android.geo.API_KEY"
39            android:value="AIzaSyCYOxQwQnsbc5NKTa9qxdgs_7FMMhq1CJc" />
40
41        <activity
42            android:name="com.example.google_maps.MainActivity"
43            android:configChanges="orientation|keyboardHidden|keyboard|screenSize|smallestScreenSize|locale|layoutDirection|fontScale|screenLayout|density|uiMode"
44            android:exported="true"
45            android:hardwareAccelerated="true"
46            android:launchMode="singleTop"
47            android:theme="@style/LaunchTheme"
48            android:windowSoftInputMode="adjustResize" >
49
50            <!--
51                 Specifies an Android theme to apply to this Activity as soon as
52                 the Android process has started. This theme is visible to the user
53                 while the Flutter UI initializes. After that, this theme continues
54                 to determine the Window background behind the Flutter UI.
55            -->
56            <meta-data
57                android:name="io.flutter.embedding.android.NormalTheme"
58                android:resource="@style/NormalTheme" />
59
60            <intent-filter>
61                <action android:name="android.intent.action.MAIN" />
62
63                <category android:name="android.intent.category.LAUNCHER" />
64            </intent-filter>
65        </activity>
66        <!--
67             Don't delete the meta-data below.
68             This is used by the Flutter tool to generate GeneratedPluginRegistrant.java
69        -->
70        <meta-data
71            android:name="flutterEmbedding"
72            android:value="2" />
73
74        <uses-library
74-->[androidx.window:window:1.0.0-beta04] AndroidManifest.xml:25:9-27:40
75            android:name="androidx.window.extensions"
75-->[androidx.window:window:1.0.0-beta04] AndroidManifest.xml:26:13-54
76            android:required="false" />
76-->[androidx.window:window:1.0.0-beta04] AndroidManifest.xml:27:13-37
77        <uses-library
77-->[androidx.window:window:1.0.0-beta04] AndroidManifest.xml:28:9-30:40
78            android:name="androidx.window.sidecar"
78-->[androidx.window:window:1.0.0-beta04] AndroidManifest.xml:29:13-51
79            android:required="false" /> <!-- Needs to be explicitly declared on P+ -->
79-->[androidx.window:window:1.0.0-beta04] AndroidManifest.xml:30:13-37
80        <uses-library
80-->[com.google.android.gms:play-services-maps:18.1.0] AndroidManifest.xml:39:9-41:40
81            android:name="org.apache.http.legacy"
81-->[com.google.android.gms:play-services-maps:18.1.0] AndroidManifest.xml:40:13-50
82            android:required="false" />
82-->[com.google.android.gms:play-services-maps:18.1.0] AndroidManifest.xml:41:13-37
83
84        <activity
84-->[com.google.android.gms:play-services-base:18.0.1] AndroidManifest.xml:20:9-22:45
85            android:name="com.google.android.gms.common.api.GoogleApiActivity"
85-->[com.google.android.gms:play-services-base:18.0.1] AndroidManifest.xml:20:19-85
86            android:exported="false"
86-->[com.google.android.gms:play-services-base:18.0.1] AndroidManifest.xml:22:19-43
87            android:theme="@android:style/Theme.Translucent.NoTitleBar" />
87-->[com.google.android.gms:play-services-base:18.0.1] AndroidManifest.xml:21:19-78
88
89        <meta-data
89-->[com.google.android.gms:play-services-basement:18.0.0] AndroidManifest.xml:21:9-23:69
90            android:name="com.google.android.gms.version"
90-->[com.google.android.gms:play-services-basement:18.0.0] AndroidManifest.xml:22:13-58
91            android:value="@integer/google_play_services_version" />
91-->[com.google.android.gms:play-services-basement:18.0.0] AndroidManifest.xml:23:13-66
92    </application>
93
94</manifest>